<?xml version="1.0" encoding="utf-8"?><testsuites name="pytest tests"><testsuite name="pytest" errors="0" failures="0" skipped="0" tests="35" time="5.442" timestamp="2026-09-09T18:51:40.923426+00:00" hostname="agent-env-938a57a4-edcc-4288-b4c5-5e5783829e81"><testcase classname="tests.test_heeba_backend.TestAuthGuards" name="test_user_endpoints_require_auth[/auth/me]" time="0.278" /><testcase classname="tests.test_heeba_backend.TestUserEndpoints" name="test_auth_me" time="1.933" /><testcase classname="tests.test_heeba_backend.TestAuthGuards" name="test_user_endpoints_require_auth[/wheel/prizes]" time="0.088" /><testcase classname="tests.test_heeba_backend.TestAuthGuards" name="test_user_endpoints_require_auth[/wheel/status]" time="0.081" /><testcase classname="tests.test_heeba_backend.TestAuthGuards" name="test_user_endpoints_require_auth[/store/products]" time="0.095" /><testcase classname="tests.test_heeba_backend.TestAuthGuards" name="test_user_endpoints_require_auth[/rewards]" time="0.082" /><testcase classname="tests.test_heeba_backend.TestAuthGuards" name="test_user_endpoints_require_auth[/transactions]" time="0.079" /><testcase classname="tests.test_heeba_backend.TestAuthGuards" name="test_user_endpoints_require_auth[/notifications]" time="0.094" /><testcase classname="tests.test_heeba_backend.TestAuthGuards" name="test_user_endpoints_require_auth[/creators]" time="0.083" /><testcase classname="tests.test_heeba_backend.TestAuthGuards" name="test_wheel_spin_requires_auth" time="0.087" /><testcase classname="tests.test_heeba_backend.TestAuthGuards" name="test_admin_endpoints_require_auth" time="0.225" /><testcase classname="tests.test_heeba_backend.TestAdminAuth" name="test_admin_login_wrong" time="0.307" /><testcase classname="tests.test_heeba_backend.TestAdminAuth" name="test_admin_login_ok" time="0.299" /><testcase classname="tests.test_heeba_backend.TestUserEndpoints" name="test_wheel_prizes" time="0.179" /><testcase classname="tests.test_heeba_backend.TestUserEndpoints" name="test_wheel_status_initial" time="0.087" /><testcase classname="tests.test_heeba_backend.TestAdminAuth" name="test_admin_me" time="0.453" /><testcase classname="tests.test_heeba_backend.TestUserEndpoints" name="test_wheel_spin_and_cooldown" time="0.211" /><testcase classname="tests.test_heeba_backend.TestAdminAuth" name="test_admin_stats" time="0.074" /><testcase classname="tests.test_heeba_backend.TestAdminPrizes" name="test_list_prizes" time="0.082" /><testcase classname="tests.test_heeba_backend.TestAdminPrizes" name="test_prize_crud_flow" time="0.626" /><testcase classname="tests.test_heeba_backend.TestUserEndpoints" name="test_store_buy_insufficient" time="0.483" /><testcase classname="tests.test_heeba_backend.TestUserEndpoints" name="test_rewards_and_transactions" time="0.166" /><testcase classname="tests.test_heeba_backend.TestAdminUsers" name="test_list_users" time="0.083" /><testcase classname="tests.test_heeba_backend.TestUserEndpoints" name="test_notifications_and_read" time="0.265" /><testcase classname="tests.test_heeba_backend.TestAdminUsers" name="test_adjust_points" time="0.300" /><testcase classname="tests.test_heeba_backend.TestUserEndpoints" name="test_creators_list" time="0.082" /><testcase classname="tests.test_heeba_backend.TestUserEndpoints" name="test_avatar_update" time="0.095" /><testcase classname="tests.test_heeba_backend.TestPublic" name="test_settings_public" time="0.084" /><testcase classname="tests.test_heeba_backend.TestUserEndpoints" name="test_referral_self_and_bad" time="0.171" /><testcase classname="tests.test_heeba_backend.TestAdminProducts" name="test_product_crud_flow" time="0.352" /><testcase classname="tests.test_heeba_backend.TestUserEndpoints" name="test_referral_apply_and_duplicate" time="0.235" /><testcase classname="tests.test_heeba_backend.TestAdminCreators" name="test_creator_crud_flow" time="0.329" /><testcase classname="tests.test_heeba_backend.TestAdminSettings" name="test_get_update_settings" time="0.354" /><testcase classname="tests.test_heeba_backend.TestAdminNotifications" name="test_create_list_delete_notification" time="0.397" /><testcase classname="tests.test_heeba_backend.TestAdminRewards" name="test_list_and_update_reward_status" time="0.558" /></testsuite></testsuites>